[ 40%] Built target robotiq_2f_gripper_action_server_client_test
[ 40%] Built target robotiq_2f_gripper_control_generate_messages_nodejs
[ 40%] Built target rosgraph_msgs_generate_messages_eus
[ 40%] Built target std_msgs_generate_messages_eus
[ 40%] Built target rosgraph_msgs_generate_messages_nodejs
[ 40%] Built target rosgraph_msgs_generate_messages_py
[ 40%] Built target robotiq_2f_gripper_control_generate_messages_py
[ 40%] Built target std_msgs_generate_messages_cpp
[ 40%] Built target roscpp_generate_messages_cpp
[ 40%] Built target rosgraph_msgs_generate_messages_lisp
[ 40%] Built target std_msgs_generate_messages_lisp
[ 40%] Built target std_msgs_generate_messages_nodejs
[ 40%] Built target std_msgs_generate_messages_py
[ 40%] Built target roscpp_generate_messages_nodejs
[ 40%] Built target roscpp_generate_messages_eus
[ 40%] Built target roscpp_generate_messages_lisp
[ 40%] Built target roscpp_generate_messages_py
[ 40%] Built target robotiq_2f_gripper_control_generate_messages_lisp
[ 40%] Built target rosgraph_msgs_generate_messages_cpp
[ 40%] Built target robotiq_2f_gripper_control_generate_messages_cpp
[ 40%] Built target robotiq_2f_gripper_control_generate_messages_eus
[35m[1mScanning dependencies of target robotiq_2f_gripper_action_server_node[0m
[ 60%] [32mBuilding CXX object CMakeFiles/robotiq_2f_gripper_action_server_node.dir/src/robotiq_2f_gripper_action_server_node.cpp.o[0m
[ 80%] [32mBuilding CXX object CMakeFiles/robotiq_2f_gripper_action_server_node.dir/src/robotiq_2f_gripper_action_server.cpp.o[0m
[100%] [32m[1mLinking CXX executable /home/uk-ras-mrc/Rosie2.0/devel/.private/robotiq_2f_gripper_action_server/lib/robotiq_2f_gripper_action_server/robotiq_2f_gripper_action_server_node[0m
[100%] Built target robotiq_2f_gripper_action_server_node
