Determining if the pthread_create exist failed with the following output:
Change Dir: /home/rosie2/Rosie2.0/build/file_server/CMakeFiles/CMakeTmp

Run Build Command:"/usr/bin/make" "cmTC_534ad/fast"
/usr/bin/make -f CMakeFiles/cmTC_534ad.dir/build.make CMakeFiles/cmTC_534ad.dir/build
make[1]: Entering directory '/home/rosie2/Rosie2.0/build/file_server/CMakeFiles/CMakeTmp'
Building C object CMakeFiles/cmTC_534ad.dir/CheckSymbolExists.c.o
/usr/bin/cc    -o CMakeFiles/cmTC_534ad.dir/CheckSymbolExists.c.o   -c /home/rosie2/Rosie2.0/build/file_server/CMakeFiles/CMakeTmp/CheckSymbolExists.c
Linking C executable cmTC_534ad
/usr/bin/cmake -E cmake_link_script CMakeFiles/cmTC_534ad.dir/link.txt --verbose=1
/usr/bin/cc      -rdynamic CMakeFiles/cmTC_534ad.dir/CheckSymbolExists.c.o  -o cmTC_534ad 
CMakeFiles/cmTC_534ad.dir/CheckSymbolExists.c.o: In function `main':
CheckSymbolExists.c:(.text+0x1b): undefined reference to `pthread_create'
collect2: error: ld returned 1 exit status
CMakeFiles/cmTC_534ad.dir/build.make:97: recipe for target 'cmTC_534ad' failed
make[1]: *** [cmTC_534ad] Error 1
make[1]: Leaving directory '/home/rosie2/Rosie2.0/build/file_server/CMakeFiles/CMakeTmp'
Makefile:126: recipe for target 'cmTC_534ad/fast' failed
make: *** [cmTC_534ad/fast] Error 2

File /home/rosie2/Rosie2.0/build/file_server/CMakeFiles/CMakeTmp/CheckSymbolExists.c:
/* */
#include <pthread.h>

int main(int argc, char** argv)
{
  (void)argv;
#ifndef pthread_create
  return ((int*)(&pthread_create))[argc];
#else
  (void)argc;
  return 0;
#endif
}

Determining if the function pthread_create exists in the pthreads failed with the following output:
Change Dir: /home/rosie2/Rosie2.0/build/file_server/CMakeFiles/CMakeTmp

Run Build Command:"/usr/bin/make" "cmTC_551f8/fast"
/usr/bin/make -f CMakeFiles/cmTC_551f8.dir/build.make CMakeFiles/cmTC_551f8.dir/build
make[1]: Entering directory '/home/rosie2/Rosie2.0/build/file_server/CMakeFiles/CMakeTmp'
Building C object CMakeFiles/cmTC_551f8.dir/CheckFunctionExists.c.o
/usr/bin/cc   -DCHECK_FUNCTION_EXISTS=pthread_create   -o CMakeFiles/cmTC_551f8.dir/CheckFunctionExists.c.o   -c /usr/share/cmake-3.10/Modules/CheckFunctionExists.c
Linking C executable cmTC_551f8
/usr/bin/cmake -E cmake_link_script CMakeFiles/cmTC_551f8.dir/link.txt --verbose=1
/usr/bin/cc  -DCHECK_FUNCTION_EXISTS=pthread_create    -rdynamic CMakeFiles/cmTC_551f8.dir/CheckFunctionExists.c.o  -o cmTC_551f8 -lpthreads 
/usr/bin/ld: cannot find -lpthreads
collect2: error: ld returned 1 exit status
CMakeFiles/cmTC_551f8.dir/build.make:97: recipe for target 'cmTC_551f8' failed
make[1]: *** [cmTC_551f8] Error 1
make[1]: Leaving directory '/home/rosie2/Rosie2.0/build/file_server/CMakeFiles/CMakeTmp'
Makefile:126: recipe for target 'cmTC_551f8/fast' failed
make: *** [cmTC_551f8/fast] Error 2


