Symlinking /home/uk-ras-mrc/Rosie2.0/devel/share/robotiq_ft_sensor/cmake/robotiq_ft_sensor-msg-paths.cmake
Symlinking /home/uk-ras-mrc/Rosie2.0/devel/share/robotiq_ft_sensor/cmake/robotiq_ft_sensor-msg-extras.cmake
Symlinking /home/uk-ras-mrc/Rosie2.0/devel/share/robotiq_ft_sensor/cmake/robotiq_ft_sensorConfig-version.cmake
Symlinking /home/uk-ras-mrc/Rosie2.0/devel/share/robotiq_ft_sensor/cmake/robotiq_ft_sensorConfig.cmake
Symlinking /home/uk-ras-mrc/Rosie2.0/devel/share/roseus/ros/robotiq_ft_sensor/manifest.l
Symlinking /home/uk-ras-mrc/Rosie2.0/devel/share/roseus/ros/robotiq_ft_sensor/srv/sensor_accessor.l
Symlinking /home/uk-ras-mrc/Rosie2.0/devel/share/roseus/ros/robotiq_ft_sensor/msg/ft_sensor.l
Symlinking /home/uk-ras-mrc/Rosie2.0/devel/share/common-lisp/ros/robotiq_ft_sensor/srv/_package_sensor_accessor.lisp
Symlinking /home/uk-ras-mrc/Rosie2.0/devel/share/common-lisp/ros/robotiq_ft_sensor/srv/robotiq_ft_sensor-srv.asd
Symlinking /home/uk-ras-mrc/Rosie2.0/devel/share/common-lisp/ros/robotiq_ft_sensor/srv/_package.lisp
Symlinking /home/uk-ras-mrc/Rosie2.0/devel/share/common-lisp/ros/robotiq_ft_sensor/srv/sensor_accessor.lisp
Symlinking /home/uk-ras-mrc/Rosie2.0/devel/share/common-lisp/ros/robotiq_ft_sensor/msg/robotiq_ft_sensor-msg.asd
Symlinking /home/uk-ras-mrc/Rosie2.0/devel/share/common-lisp/ros/robotiq_ft_sensor/msg/_package.lisp
Symlinking /home/uk-ras-mrc/Rosie2.0/devel/share/common-lisp/ros/robotiq_ft_sensor/msg/ft_sensor.lisp
Symlinking /home/uk-ras-mrc/Rosie2.0/devel/share/common-lisp/ros/robotiq_ft_sensor/msg/_package_ft_sensor.lisp
Symlinking /home/uk-ras-mrc/Rosie2.0/devel/share/gennodejs/ros/robotiq_ft_sensor/_index.js
Symlinking /home/uk-ras-mrc/Rosie2.0/devel/share/gennodejs/ros/robotiq_ft_sensor/srv/sensor_accessor.js
Symlinking /home/uk-ras-mrc/Rosie2.0/devel/share/gennodejs/ros/robotiq_ft_sensor/srv/_index.js
Symlinking /home/uk-ras-mrc/Rosie2.0/devel/share/gennodejs/ros/robotiq_ft_sensor/msg/_index.js
Symlinking /home/uk-ras-mrc/Rosie2.0/devel/share/gennodejs/ros/robotiq_ft_sensor/msg/ft_sensor.js
Symlinking /home/uk-ras-mrc/Rosie2.0/devel/lib/robotiq_ft_sensor/rq_test_sensor
Symlinking /home/uk-ras-mrc/Rosie2.0/devel/lib/robotiq_ft_sensor/rq_sensor
Symlinking /home/uk-ras-mrc/Rosie2.0/devel/lib/pkgconfig/robotiq_ft_sensor.pc
Symlinking /home/uk-ras-mrc/Rosie2.0/devel/lib/python2.7/dist-packages/robotiq_ft_sensor/__init__.py
Symlinking /home/uk-ras-mrc/Rosie2.0/devel/lib/python2.7/dist-packages/robotiq_ft_sensor/srv/__init__.py
Symlinking /home/uk-ras-mrc/Rosie2.0/devel/lib/python2.7/dist-packages/robotiq_ft_sensor/srv/_sensor_accessor.py
Symlinking /home/uk-ras-mrc/Rosie2.0/devel/lib/python2.7/dist-packages/robotiq_ft_sensor/msg/_ft_sensor.py
Symlinking /home/uk-ras-mrc/Rosie2.0/devel/lib/python2.7/dist-packages/robotiq_ft_sensor/msg/__init__.py
Symlinking /home/uk-ras-mrc/Rosie2.0/devel/include/robotiq_ft_sensor/ft_sensor.h
Symlinking /home/uk-ras-mrc/Rosie2.0/devel/include/robotiq_ft_sensor/sensor_accessor.h
Symlinking /home/uk-ras-mrc/Rosie2.0/devel/include/robotiq_ft_sensor/sensor_accessorResponse.h
Symlinking /home/uk-ras-mrc/Rosie2.0/devel/include/robotiq_ft_sensor/sensor_accessorRequest.h
