[  0%] Built target _robotiq_ft_sensor_generate_messages_check_deps_ft_sensor
[  0%] Built target std_msgs_generate_messages_py
[  0%] Built target _robotiq_ft_sensor_generate_messages_check_deps_sensor_accessor
[  0%] Built target std_msgs_generate_messages_cpp
[  0%] Built target std_msgs_generate_messages_eus
[  0%] Built target std_msgs_generate_messages_lisp
[  0%] Built target std_msgs_generate_messages_nodejs
[  0%] Built target rosgraph_msgs_generate_messages_nodejs
[  0%] Built target rosgraph_msgs_generate_messages_py
[  0%] Built target rosgraph_msgs_generate_messages_lisp
[  0%] Built target rosgraph_msgs_generate_messages_eus
[  0%] Built target rosgraph_msgs_generate_messages_cpp
[  0%] Built target roscpp_generate_messages_py
[  0%] Built target roscpp_generate_messages_nodejs
[  0%] Built target roscpp_generate_messages_eus
[  0%] Built target roscpp_generate_messages_lisp
[  0%] Built target roscpp_generate_messages_cpp
[ 21%] Built target robotiq_ft_sensor_generate_messages_py
[ 31%] Built target robotiq_ft_sensor_generate_messages_cpp
[ 47%] Built target robotiq_ft_sensor_generate_messages_eus
[ 57%] Built target robotiq_ft_sensor_generate_messages_lisp
[ 68%] Built target robotiq_ft_sensor_generate_messages_nodejs
[ 68%] Built target robotiq_ft_sensor_gencpp
[ 68%] Built target robotiq_ft_sensor_generate_messages
[35m[1mScanning dependencies of target rq_test_sensor[0m
[ 73%] [32mBuilding CXX object CMakeFiles/rq_test_sensor.dir/nodes/rq_test_sensor.cpp.o[0m
[ 78%] [32m[1mLinking CXX executable /home/uk-ras-mrc/Rosie2.0/devel/.private/robotiq_ft_sensor/lib/robotiq_ft_sensor/rq_test_sensor[0m
[ 78%] Built target rq_test_sensor
[35m[1mScanning dependencies of target rq_sensor[0m
[ 84%] [32mBuilding CXX object CMakeFiles/rq_sensor.dir/nodes/rq_sensor.cpp.o[0m
[ 89%] [32m[1mLinking CXX executable /home/uk-ras-mrc/Rosie2.0/devel/.private/robotiq_ft_sensor/lib/robotiq_ft_sensor/rq_sensor[0m
[100%] Built target rq_sensor
