[36m--[0m Using CATKIN_DEVEL_PREFIX: /home/uk-ras-mrc/Rosie2.0/devel/.private/robotiq_ft_sensor
[36m--[0m Using CMAKE_PREFIX_PATH: /home/uk-ras-mrc/Rosie2.0/devel;/opt/ros/melodic
[36m--[0m This workspace overlays: /home/uk-ras-mrc/Rosie2.0/devel;/opt/ros/melodic
[36m--[0m Found PythonInterp: /usr/bin/python2 (found suitable version "2.7.17", minimum required is "2")
[36m--[0m Using PYTHON_EXECUTABLE: /usr/bin/python2
[36m--[0m Using Debian Python package layout
[36m--[0m Using empy: /usr/bin/empy
[36m--[0m Using CATKIN_ENABLE_TESTING: ON
[36m--[0m Call enable_testing()
[36m--[0m Using CATKIN_TEST_RESULTS_DIR: /home/uk-ras-mrc/Rosie2.0/build/robotiq_ft_sensor/test_results
[36m--[0m Found gtest sources under '/usr/src/googletest': gtests will be built
[36m--[0m Found gmock sources under '/usr/src/googletest': gmock will be built
[36m--[0m Found PythonInterp: /usr/bin/python2 (found version "2.7.17")
[36m--[0m Using Python nosetests: /usr/bin/nosetests-2.7
[36m--[0m catkin 0.7.29
[36m--[0m BUILD_SHARED_LIBS is on
[36m--[0m Using these message generators: gencpp;geneus;genlisp;gennodejs;genpy
[36m--[0m robotiq_ft_sensor: 1 messages, 1 services
[36m--[0m Configuring done
CMake Warning (dev) at CMakeLists.txt:54 (add_dependencies):
  Policy CMP0046 is not set: Error on non-existent dependency in
  add_dependencies.  Run "cmake --help-policy CMP0046" for policy details.
  Use the cmake_policy command to set the policy and suppress this warning.

  The dependency target "robotiq_ft_sensor_gencfg" of target "rq_test_sensor"
  does not exist.
This warning is for project developers.  Use -Wno-dev to suppress it.

CMake Warning (dev) at CMakeLists.txt:50 (add_dependencies):
  Policy CMP0046 is not set: Error on non-existent dependency in
  add_dependencies.  Run "cmake --help-policy CMP0046" for policy details.
  Use the cmake_policy command to set the policy and suppress this warning.

  The dependency target "robotiq_ft_sensor_gencfg" of target "rq_sensor" does
  not exist.
This warning is for project developers.  Use -Wno-dev to suppress it.

[36m--[0m Generating done
[36m--[0m Build files have been written to: /home/uk-ras-mrc/Rosie2.0/build/robotiq_ft_sensor
