Determining if the pthread_create exist failed with the following output:
Change Dir: /home/uk-ras-mrc/Rosie2.0/build/robotiq_ft_sensor/CMakeFiles/CMakeTmp

Run Build Command:"/usr/bin/make" "cmTC_67f68/fast"
/usr/bin/make -f CMakeFiles/cmTC_67f68.dir/build.make CMakeFiles/cmTC_67f68.dir/build
make[1]: Entering directory '/home/uk-ras-mrc/Rosie2.0/build/robotiq_ft_sensor/CMakeFiles/CMakeTmp'
Building C object CMakeFiles/cmTC_67f68.dir/CheckSymbolExists.c.o
/usr/bin/cc    -o CMakeFiles/cmTC_67f68.dir/CheckSymbolExists.c.o   -c /home/uk-ras-mrc/Rosie2.0/build/robotiq_ft_sensor/CMakeFiles/CMakeTmp/CheckSymbolExists.c
Linking C executable cmTC_67f68
/usr/bin/cmake -E cmake_link_script CMakeFiles/cmTC_67f68.dir/link.txt --verbose=1
/usr/bin/cc      -rdynamic CMakeFiles/cmTC_67f68.dir/CheckSymbolExists.c.o  -o cmTC_67f68 
CMakeFiles/cmTC_67f68.dir/CheckSymbolExists.c.o: In function `main':
CheckSymbolExists.c:(.text+0x1b): undefined reference to `pthread_create'
collect2: error: ld returned 1 exit status
CMakeFiles/cmTC_67f68.dir/build.make:97: recipe for target 'cmTC_67f68' failed
make[1]: *** [cmTC_67f68] Error 1
make[1]: Leaving directory '/home/uk-ras-mrc/Rosie2.0/build/robotiq_ft_sensor/CMakeFiles/CMakeTmp'
Makefile:126: recipe for target 'cmTC_67f68/fast' failed
make: *** [cmTC_67f68/fast] Error 2

File /home/uk-ras-mrc/Rosie2.0/build/robotiq_ft_sensor/CMakeFiles/CMakeTmp/CheckSymbolExists.c:
/* */
#include <pthread.h>

int main(int argc, char** argv)
{
  (void)argv;
#ifndef pthread_create
  return ((int*)(&pthread_create))[argc];
#else
  (void)argc;
  return 0;
#endif
}

Determining if the function pthread_create exists in the pthreads failed with the following output:
Change Dir: /home/uk-ras-mrc/Rosie2.0/build/robotiq_ft_sensor/CMakeFiles/CMakeTmp

Run Build Command:"/usr/bin/make" "cmTC_28705/fast"
/usr/bin/make -f CMakeFiles/cmTC_28705.dir/build.make CMakeFiles/cmTC_28705.dir/build
make[1]: Entering directory '/home/uk-ras-mrc/Rosie2.0/build/robotiq_ft_sensor/CMakeFiles/CMakeTmp'
Building C object CMakeFiles/cmTC_28705.dir/CheckFunctionExists.c.o
/usr/bin/cc   -DCHECK_FUNCTION_EXISTS=pthread_create   -o CMakeFiles/cmTC_28705.dir/CheckFunctionExists.c.o   -c /usr/share/cmake-3.10/Modules/CheckFunctionExists.c
Linking C executable cmTC_28705
/usr/bin/cmake -E cmake_link_script CMakeFiles/cmTC_28705.dir/link.txt --verbose=1
/usr/bin/cc  -DCHECK_FUNCTION_EXISTS=pthread_create    -rdynamic CMakeFiles/cmTC_28705.dir/CheckFunctionExists.c.o  -o cmTC_28705 -lpthreads 
/usr/bin/ld: cannot find -lpthreads
collect2: error: ld returned 1 exit status
CMakeFiles/cmTC_28705.dir/build.make:97: recipe for target 'cmTC_28705' failed
make[1]: *** [cmTC_28705] Error 1
make[1]: Leaving directory '/home/uk-ras-mrc/Rosie2.0/build/robotiq_ft_sensor/CMakeFiles/CMakeTmp'
Makefile:126: recipe for target 'cmTC_28705/fast' failed
make: *** [cmTC_28705/fast] Error 2


