Determining if the pthread_create exist failed with the following output:
Change Dir: /home/uk-ras-mrc/Rosie2.0/build/robotiq_modbus_rtu/CMakeFiles/CMakeTmp

Run Build Command:"/usr/bin/make" "cmTC_2578b/fast"
/usr/bin/make -f CMakeFiles/cmTC_2578b.dir/build.make CMakeFiles/cmTC_2578b.dir/build
make[1]: Entering directory '/home/uk-ras-mrc/Rosie2.0/build/robotiq_modbus_rtu/CMakeFiles/CMakeTmp'
Building C object CMakeFiles/cmTC_2578b.dir/CheckSymbolExists.c.o
/usr/bin/cc    -o CMakeFiles/cmTC_2578b.dir/CheckSymbolExists.c.o   -c /home/uk-ras-mrc/Rosie2.0/build/robotiq_modbus_rtu/CMakeFiles/CMakeTmp/CheckSymbolExists.c
Linking C executable cmTC_2578b
/usr/bin/cmake -E cmake_link_script CMakeFiles/cmTC_2578b.dir/link.txt --verbose=1
/usr/bin/cc      -rdynamic CMakeFiles/cmTC_2578b.dir/CheckSymbolExists.c.o  -o cmTC_2578b 
CMakeFiles/cmTC_2578b.dir/CheckSymbolExists.c.o: In function `main':
CheckSymbolExists.c:(.text+0x1b): undefined reference to `pthread_create'
collect2: error: ld returned 1 exit status
CMakeFiles/cmTC_2578b.dir/build.make:97: recipe for target 'cmTC_2578b' failed
make[1]: *** [cmTC_2578b] Error 1
make[1]: Leaving directory '/home/uk-ras-mrc/Rosie2.0/build/robotiq_modbus_rtu/CMakeFiles/CMakeTmp'
Makefile:126: recipe for target 'cmTC_2578b/fast' failed
make: *** [cmTC_2578b/fast] Error 2

File /home/uk-ras-mrc/Rosie2.0/build/robotiq_modbus_rtu/CMakeFiles/CMakeTmp/CheckSymbolExists.c:
/* */
#include <pthread.h>

int main(int argc, char** argv)
{
  (void)argv;
#ifndef pthread_create
  return ((int*)(&pthread_create))[argc];
#else
  (void)argc;
  return 0;
#endif
}

Determining if the function pthread_create exists in the pthreads failed with the following output:
Change Dir: /home/uk-ras-mrc/Rosie2.0/build/robotiq_modbus_rtu/CMakeFiles/CMakeTmp

Run Build Command:"/usr/bin/make" "cmTC_cb8ac/fast"
/usr/bin/make -f CMakeFiles/cmTC_cb8ac.dir/build.make CMakeFiles/cmTC_cb8ac.dir/build
make[1]: Entering directory '/home/uk-ras-mrc/Rosie2.0/build/robotiq_modbus_rtu/CMakeFiles/CMakeTmp'
Building C object CMakeFiles/cmTC_cb8ac.dir/CheckFunctionExists.c.o
/usr/bin/cc   -DCHECK_FUNCTION_EXISTS=pthread_create   -o CMakeFiles/cmTC_cb8ac.dir/CheckFunctionExists.c.o   -c /usr/share/cmake-3.10/Modules/CheckFunctionExists.c
Linking C executable cmTC_cb8ac
/usr/bin/cmake -E cmake_link_script CMakeFiles/cmTC_cb8ac.dir/link.txt --verbose=1
/usr/bin/cc  -DCHECK_FUNCTION_EXISTS=pthread_create    -rdynamic CMakeFiles/cmTC_cb8ac.dir/CheckFunctionExists.c.o  -o cmTC_cb8ac -lpthreads 
/usr/bin/ld: cannot find -lpthreads
collect2: error: ld returned 1 exit status
CMakeFiles/cmTC_cb8ac.dir/build.make:97: recipe for target 'cmTC_cb8ac' failed
make[1]: *** [cmTC_cb8ac] Error 1
make[1]: Leaving directory '/home/uk-ras-mrc/Rosie2.0/build/robotiq_modbus_rtu/CMakeFiles/CMakeTmp'
Makefile:126: recipe for target 'cmTC_cb8ac/fast' failed
make: *** [cmTC_cb8ac/fast] Error 2


