Determining if the pthread_create exist failed with the following output:
Change Dir: /home/uk-ras-mrc/Rosie2.0/build/iiwa_msgs/CMakeFiles/CMakeTmp

Run Build Command:"/usr/bin/make" "cmTC_27c36/fast"
/usr/bin/make -f CMakeFiles/cmTC_27c36.dir/build.make CMakeFiles/cmTC_27c36.dir/build
make[1]: Entering directory '/home/uk-ras-mrc/Rosie2.0/build/iiwa_msgs/CMakeFiles/CMakeTmp'
Building C object CMakeFiles/cmTC_27c36.dir/CheckSymbolExists.c.o
/usr/bin/cc    -o CMakeFiles/cmTC_27c36.dir/CheckSymbolExists.c.o   -c /home/uk-ras-mrc/Rosie2.0/build/iiwa_msgs/CMakeFiles/CMakeTmp/CheckSymbolExists.c
Linking C executable cmTC_27c36
/usr/bin/cmake -E cmake_link_script CMakeFiles/cmTC_27c36.dir/link.txt --verbose=1
/usr/bin/cc      -rdynamic CMakeFiles/cmTC_27c36.dir/CheckSymbolExists.c.o  -o cmTC_27c36 
CMakeFiles/cmTC_27c36.dir/CheckSymbolExists.c.o: In function `main':
CheckSymbolExists.c:(.text+0x1b): undefined reference to `pthread_create'
collect2: error: ld returned 1 exit status
CMakeFiles/cmTC_27c36.dir/build.make:97: recipe for target 'cmTC_27c36' failed
make[1]: *** [cmTC_27c36] Error 1
make[1]: Leaving directory '/home/uk-ras-mrc/Rosie2.0/build/iiwa_msgs/CMakeFiles/CMakeTmp'
Makefile:126: recipe for target 'cmTC_27c36/fast' failed
make: *** [cmTC_27c36/fast] Error 2

File /home/uk-ras-mrc/Rosie2.0/build/iiwa_msgs/CMakeFiles/CMakeTmp/CheckSymbolExists.c:
/* */
#include <pthread.h>

int main(int argc, char** argv)
{
  (void)argv;
#ifndef pthread_create
  return ((int*)(&pthread_create))[argc];
#else
  (void)argc;
  return 0;
#endif
}

Determining if the function pthread_create exists in the pthreads failed with the following output:
Change Dir: /home/uk-ras-mrc/Rosie2.0/build/iiwa_msgs/CMakeFiles/CMakeTmp

Run Build Command:"/usr/bin/make" "cmTC_25595/fast"
/usr/bin/make -f CMakeFiles/cmTC_25595.dir/build.make CMakeFiles/cmTC_25595.dir/build
make[1]: Entering directory '/home/uk-ras-mrc/Rosie2.0/build/iiwa_msgs/CMakeFiles/CMakeTmp'
Building C object CMakeFiles/cmTC_25595.dir/CheckFunctionExists.c.o
/usr/bin/cc   -DCHECK_FUNCTION_EXISTS=pthread_create   -o CMakeFiles/cmTC_25595.dir/CheckFunctionExists.c.o   -c /usr/share/cmake-3.10/Modules/CheckFunctionExists.c
Linking C executable cmTC_25595
/usr/bin/cmake -E cmake_link_script CMakeFiles/cmTC_25595.dir/link.txt --verbose=1
/usr/bin/cc  -DCHECK_FUNCTION_EXISTS=pthread_create    -rdynamic CMakeFiles/cmTC_25595.dir/CheckFunctionExists.c.o  -o cmTC_25595 -lpthreads 
/usr/bin/ld: cannot find -lpthreads
collect2: error: ld returned 1 exit status
CMakeFiles/cmTC_25595.dir/build.make:97: recipe for target 'cmTC_25595' failed
make[1]: *** [cmTC_25595] Error 1
make[1]: Leaving directory '/home/uk-ras-mrc/Rosie2.0/build/iiwa_msgs/CMakeFiles/CMakeTmp'
Makefile:126: recipe for target 'cmTC_25595/fast' failed
make: *** [cmTC_25595/fast] Error 2


