Determining if the pthread_create exist failed with the following output:
Change Dir: /home/uk-ras-mrc/Rosie2.0/build/ur_kinematics/CMakeFiles/CMakeTmp

Run Build Command:"/usr/bin/make" "cmTC_cf2ed/fast"
/usr/bin/make -f CMakeFiles/cmTC_cf2ed.dir/build.make CMakeFiles/cmTC_cf2ed.dir/build
make[1]: Entering directory '/home/uk-ras-mrc/Rosie2.0/build/ur_kinematics/CMakeFiles/CMakeTmp'
Building C object CMakeFiles/cmTC_cf2ed.dir/CheckSymbolExists.c.o
/usr/bin/cc    -o CMakeFiles/cmTC_cf2ed.dir/CheckSymbolExists.c.o   -c /home/uk-ras-mrc/Rosie2.0/build/ur_kinematics/CMakeFiles/CMakeTmp/CheckSymbolExists.c
Linking C executable cmTC_cf2ed
/usr/bin/cmake -E cmake_link_script CMakeFiles/cmTC_cf2ed.dir/link.txt --verbose=1
/usr/bin/cc      -rdynamic CMakeFiles/cmTC_cf2ed.dir/CheckSymbolExists.c.o  -o cmTC_cf2ed 
CMakeFiles/cmTC_cf2ed.dir/CheckSymbolExists.c.o: In function `main':
CheckSymbolExists.c:(.text+0x1b): undefined reference to `pthread_create'
collect2: error: ld returned 1 exit status
CMakeFiles/cmTC_cf2ed.dir/build.make:97: recipe for target 'cmTC_cf2ed' failed
make[1]: *** [cmTC_cf2ed] Error 1
make[1]: Leaving directory '/home/uk-ras-mrc/Rosie2.0/build/ur_kinematics/CMakeFiles/CMakeTmp'
Makefile:126: recipe for target 'cmTC_cf2ed/fast' failed
make: *** [cmTC_cf2ed/fast] Error 2

File /home/uk-ras-mrc/Rosie2.0/build/ur_kinematics/CMakeFiles/CMakeTmp/CheckSymbolExists.c:
/* */
#include <pthread.h>

int main(int argc, char** argv)
{
  (void)argv;
#ifndef pthread_create
  return ((int*)(&pthread_create))[argc];
#else
  (void)argc;
  return 0;
#endif
}

Determining if the function pthread_create exists in the pthreads failed with the following output:
Change Dir: /home/uk-ras-mrc/Rosie2.0/build/ur_kinematics/CMakeFiles/CMakeTmp

Run Build Command:"/usr/bin/make" "cmTC_fc194/fast"
/usr/bin/make -f CMakeFiles/cmTC_fc194.dir/build.make CMakeFiles/cmTC_fc194.dir/build
make[1]: Entering directory '/home/uk-ras-mrc/Rosie2.0/build/ur_kinematics/CMakeFiles/CMakeTmp'
Building C object CMakeFiles/cmTC_fc194.dir/CheckFunctionExists.c.o
/usr/bin/cc   -DCHECK_FUNCTION_EXISTS=pthread_create   -o CMakeFiles/cmTC_fc194.dir/CheckFunctionExists.c.o   -c /usr/share/cmake-3.10/Modules/CheckFunctionExists.c
Linking C executable cmTC_fc194
/usr/bin/cmake -E cmake_link_script CMakeFiles/cmTC_fc194.dir/link.txt --verbose=1
/usr/bin/cc  -DCHECK_FUNCTION_EXISTS=pthread_create    -rdynamic CMakeFiles/cmTC_fc194.dir/CheckFunctionExists.c.o  -o cmTC_fc194 -lpthreads 
/usr/bin/ld: cannot find -lpthreads
collect2: error: ld returned 1 exit status
CMakeFiles/cmTC_fc194.dir/build.make:97: recipe for target 'cmTC_fc194' failed
make[1]: *** [cmTC_fc194] Error 1
make[1]: Leaving directory '/home/uk-ras-mrc/Rosie2.0/build/ur_kinematics/CMakeFiles/CMakeTmp'
Makefile:126: recipe for target 'cmTC_fc194/fast' failed
make: *** [cmTC_fc194/fast] Error 2


