Symlinking /home/rosie2/Rosie2.0/devel/lib/python2.7/dist-packages/file_server/__init__.py
Symlinking /home/rosie2/Rosie2.0/devel/lib/python2.7/dist-packages/file_server/srv/_SaveBinaryFile.py
Symlinking /home/rosie2/Rosie2.0/devel/lib/python2.7/dist-packages/file_server/srv/_GetBinaryFile.py
Symlinking /home/rosie2/Rosie2.0/devel/lib/python2.7/dist-packages/file_server/srv/__init__.py
Symlinking /home/rosie2/Rosie2.0/devel/lib/pkgconfig/file_server.pc
Symlinking /home/rosie2/Rosie2.0/devel/lib/file_server/file_server
Symlinking /home/rosie2/Rosie2.0/devel/include/file_server/GetBinaryFileResponse.h
Symlinking /home/rosie2/Rosie2.0/devel/include/file_server/GetBinaryFile.h
Symlinking /home/rosie2/Rosie2.0/devel/include/file_server/GetBinaryFileRequest.h
Symlinking /home/rosie2/Rosie2.0/devel/include/file_server/SaveBinaryFileRequest.h
Symlinking /home/rosie2/Rosie2.0/devel/include/file_server/SaveBinaryFileResponse.h
Symlinking /home/rosie2/Rosie2.0/devel/include/file_server/SaveBinaryFile.h
Symlinking /home/rosie2/Rosie2.0/devel/share/roseus/ros/file_server/manifest.l
Symlinking /home/rosie2/Rosie2.0/devel/share/roseus/ros/file_server/srv/GetBinaryFile.l
Symlinking /home/rosie2/Rosie2.0/devel/share/roseus/ros/file_server/srv/SaveBinaryFile.l
Symlinking /home/rosie2/Rosie2.0/devel/share/file_server/cmake/file_server-msg-paths.cmake
Symlinking /home/rosie2/Rosie2.0/devel/share/file_server/cmake/file_server-msg-extras.cmake
Symlinking /home/rosie2/Rosie2.0/devel/share/file_server/cmake/file_serverConfig-version.cmake
Symlinking /home/rosie2/Rosie2.0/devel/share/file_server/cmake/file_serverConfig.cmake
Symlinking /home/rosie2/Rosie2.0/devel/share/gennodejs/ros/file_server/_index.js
Symlinking /home/rosie2/Rosie2.0/devel/share/gennodejs/ros/file_server/srv/_index.js
Symlinking /home/rosie2/Rosie2.0/devel/share/gennodejs/ros/file_server/srv/GetBinaryFile.js
Symlinking /home/rosie2/Rosie2.0/devel/share/gennodejs/ros/file_server/srv/SaveBinaryFile.js
Symlinking /home/rosie2/Rosie2.0/devel/share/common-lisp/ros/file_server/srv/_package.lisp
Symlinking /home/rosie2/Rosie2.0/devel/share/common-lisp/ros/file_server/srv/file_server-srv.asd
Symlinking /home/rosie2/Rosie2.0/devel/share/common-lisp/ros/file_server/srv/GetBinaryFile.lisp
Symlinking /home/rosie2/Rosie2.0/devel/share/common-lisp/ros/file_server/srv/_package_SaveBinaryFile.lisp
Symlinking /home/rosie2/Rosie2.0/devel/share/common-lisp/ros/file_server/srv/SaveBinaryFile.lisp
Symlinking /home/rosie2/Rosie2.0/devel/share/common-lisp/ros/file_server/srv/_package_GetBinaryFile.lisp
