Determining if the pthread_create exist failed with the following output:
Change Dir: /home/rosie2/Rosie2.0/build/iiwa_control/CMakeFiles/CMakeTmp

Run Build Command:"/usr/bin/make" "cmTC_6c16b/fast"
/usr/bin/make -f CMakeFiles/cmTC_6c16b.dir/build.make CMakeFiles/cmTC_6c16b.dir/build
make[1]: Entering directory '/home/rosie2/Rosie2.0/build/iiwa_control/CMakeFiles/CMakeTmp'
Building C object CMakeFiles/cmTC_6c16b.dir/CheckSymbolExists.c.o
/usr/bin/cc    -o CMakeFiles/cmTC_6c16b.dir/CheckSymbolExists.c.o   -c /home/rosie2/Rosie2.0/build/iiwa_control/CMakeFiles/CMakeTmp/CheckSymbolExists.c
Linking C executable cmTC_6c16b
/usr/bin/cmake -E cmake_link_script CMakeFiles/cmTC_6c16b.dir/link.txt --verbose=1
/usr/bin/cc      -rdynamic CMakeFiles/cmTC_6c16b.dir/CheckSymbolExists.c.o  -o cmTC_6c16b 
CMakeFiles/cmTC_6c16b.dir/CheckSymbolExists.c.o: In function `main':
CheckSymbolExists.c:(.text+0x1b): undefined reference to `pthread_create'
collect2: error: ld returned 1 exit status
CMakeFiles/cmTC_6c16b.dir/build.make:97: recipe for target 'cmTC_6c16b' failed
make[1]: *** [cmTC_6c16b] Error 1
make[1]: Leaving directory '/home/rosie2/Rosie2.0/build/iiwa_control/CMakeFiles/CMakeTmp'
Makefile:126: recipe for target 'cmTC_6c16b/fast' failed
make: *** [cmTC_6c16b/fast] Error 2

File /home/rosie2/Rosie2.0/build/iiwa_control/CMakeFiles/CMakeTmp/CheckSymbolExists.c:
/* */
#include <pthread.h>

int main(int argc, char** argv)
{
  (void)argv;
#ifndef pthread_create
  return ((int*)(&pthread_create))[argc];
#else
  (void)argc;
  return 0;
#endif
}

Determining if the function pthread_create exists in the pthreads failed with the following output:
Change Dir: /home/rosie2/Rosie2.0/build/iiwa_control/CMakeFiles/CMakeTmp

Run Build Command:"/usr/bin/make" "cmTC_2011b/fast"
/usr/bin/make -f CMakeFiles/cmTC_2011b.dir/build.make CMakeFiles/cmTC_2011b.dir/build
make[1]: Entering directory '/home/rosie2/Rosie2.0/build/iiwa_control/CMakeFiles/CMakeTmp'
Building C object CMakeFiles/cmTC_2011b.dir/CheckFunctionExists.c.o
/usr/bin/cc   -DCHECK_FUNCTION_EXISTS=pthread_create   -o CMakeFiles/cmTC_2011b.dir/CheckFunctionExists.c.o   -c /usr/share/cmake-3.10/Modules/CheckFunctionExists.c
Linking C executable cmTC_2011b
/usr/bin/cmake -E cmake_link_script CMakeFiles/cmTC_2011b.dir/link.txt --verbose=1
/usr/bin/cc  -DCHECK_FUNCTION_EXISTS=pthread_create    -rdynamic CMakeFiles/cmTC_2011b.dir/CheckFunctionExists.c.o  -o cmTC_2011b -lpthreads 
/usr/bin/ld: cannot find -lpthreads
collect2: error: ld returned 1 exit status
CMakeFiles/cmTC_2011b.dir/build.make:97: recipe for target 'cmTC_2011b' failed
make[1]: *** [cmTC_2011b] Error 1
make[1]: Leaving directory '/home/rosie2/Rosie2.0/build/iiwa_control/CMakeFiles/CMakeTmp'
Makefile:126: recipe for target 'cmTC_2011b/fast' failed
make: *** [cmTC_2011b/fast] Error 2


