[35m[1mScanning dependencies of target _robotiq_2f_gripper_control_generate_messages_check_deps_UnityGripper[0m
[  0%] Built target _robotiq_2f_gripper_control_generate_messages_check_deps_UnityGripper
[35m[1mScanning dependencies of target std_msgs_generate_messages_eus[0m
[  0%] Built target std_msgs_generate_messages_eus
[  0%] Built target _robotiq_2f_gripper_control_generate_messages_check_deps_Robotiq2FGripper_robot_input
[  0%] Built target _robotiq_2f_gripper_control_generate_messages_check_deps_Robotiq2FGripper_robot_output
[35m[1mScanning dependencies of target std_msgs_generate_messages_py[0m
[  0%] Built target std_msgs_generate_messages_py
[35m[1mScanning dependencies of target std_msgs_generate_messages_lisp[0m
[  0%] Built target std_msgs_generate_messages_lisp
[35m[1mScanning dependencies of target std_msgs_generate_messages_cpp[0m
[  0%] Built target std_msgs_generate_messages_cpp
[35m[1mScanning dependencies of target std_msgs_generate_messages_nodejs[0m
[  0%] Built target std_msgs_generate_messages_nodejs
[  4%] [34m[1mGenerating EusLisp code from robotiq_2f_gripper_control/Robotiq2FGripper_robot_input.msg[0m
[  9%] [34m[1mGenerating EusLisp code from robotiq_2f_gripper_control/Robotiq2FGripper_robot_output.msg[0m
[ 14%] [34m[1mGenerating EusLisp code from robotiq_2f_gripper_control/UnityGripper.srv[0m
[ 19%] [34m[1mGenerating EusLisp manifest code for robotiq_2f_gripper_control[0m
[ 19%] Built target robotiq_2f_gripper_control_generate_messages_eus
[ 23%] [34m[1mGenerating Python from MSG robotiq_2f_gripper_control/Robotiq2FGripper_robot_input[0m
[ 28%] [34m[1mGenerating Python from MSG robotiq_2f_gripper_control/Robotiq2FGripper_robot_output[0m
[ 33%] [34m[1mGenerating Python code from SRV robotiq_2f_gripper_control/UnityGripper[0m
[ 38%] [34m[1mGenerating Python msg __init__.py for robotiq_2f_gripper_control[0m
[ 42%] [34m[1mGenerating Python srv __init__.py for robotiq_2f_gripper_control[0m
[ 42%] Built target robotiq_2f_gripper_control_generate_messages_py
[ 47%] [34m[1mGenerating Lisp code from robotiq_2f_gripper_control/Robotiq2FGripper_robot_input.msg[0m
[ 52%] [34m[1mGenerating Lisp code from robotiq_2f_gripper_control/Robotiq2FGripper_robot_output.msg[0m
[ 57%] [34m[1mGenerating Lisp code from robotiq_2f_gripper_control/UnityGripper.srv[0m
[ 57%] Built target robotiq_2f_gripper_control_generate_messages_lisp
[ 61%] [34m[1mGenerating C++ code from robotiq_2f_gripper_control/Robotiq2FGripper_robot_input.msg[0m
[ 66%] [34m[1mGenerating C++ code from robotiq_2f_gripper_control/Robotiq2FGripper_robot_output.msg[0m
[ 71%] [34m[1mGenerating C++ code from robotiq_2f_gripper_control/UnityGripper.srv[0m
[ 71%] Built target robotiq_2f_gripper_control_generate_messages_cpp
[ 76%] [34m[1mGenerating Javascript code from robotiq_2f_gripper_control/Robotiq2FGripper_robot_input.msg[0m
[ 80%] [34m[1mGenerating Javascript code from robotiq_2f_gripper_control/Robotiq2FGripper_robot_output.msg[0m
[ 85%] [34m[1mGenerating Javascript code from robotiq_2f_gripper_control/UnityGripper.srv[0m
[ 85%] Built target robotiq_2f_gripper_control_generate_messages_nodejs
[35m[1mScanning dependencies of target robotiq_2f_gripper_ethercat_node[0m
[ 90%] [32mBuilding CXX object CMakeFiles/robotiq_2f_gripper_ethercat_node.dir/src/robotiq_2f_gripper_control/robotiq_2f_gripper_ethercat_node.cpp.o[0m
[ 95%] [32mBuilding CXX object CMakeFiles/robotiq_2f_gripper_ethercat_node.dir/src/robotiq_2f_gripper_control/robotiq_2f_gripper_ethercat_client.cpp.o[0m
[100%] [32m[1mLinking CXX executable /home/uk-ras-mrc/Rosie2.0/devel/.private/robotiq_2f_gripper_control/lib/robotiq_2f_gripper_control/robotiq_2f_gripper_ethercat_node[0m
[100%] Built target robotiq_2f_gripper_ethercat_node
[100%] Built target robotiq_2f_gripper_control_generate_messages
