[36m--[0m Using CATKIN_DEVEL_PREFIX: /home/uk-ras-mrc/Rosie2.0/devel/.private/robotiq_2f_gripper_control
[36m--[0m Using CMAKE_PREFIX_PATH: /home/uk-ras-mrc/Rosie2.0/devel;/opt/ros/melodic
[36m--[0m This workspace overlays: /home/uk-ras-mrc/Rosie2.0/devel;/opt/ros/melodic
[36m--[0m Found PythonInterp: /usr/bin/python2 (found suitable version "2.7.17", minimum required is "2")
[36m--[0m Using PYTHON_EXECUTABLE: /usr/bin/python2
[36m--[0m Using Debian Python package layout
[36m--[0m Using empy: /usr/bin/empy
[36m--[0m Using CATKIN_ENABLE_TESTING: ON
[36m--[0m Call enable_testing()
[36m--[0m Using CATKIN_TEST_RESULTS_DIR: /home/uk-ras-mrc/Rosie2.0/build/robotiq_2f_gripper_control/test_results
[36m--[0m Found gtest sources under '/usr/src/googletest': gtests will be built
[36m--[0m Found gmock sources under '/usr/src/googletest': gmock will be built
[36m--[0m Found PythonInterp: /usr/bin/python2 (found version "2.7.17")
[36m--[0m Using Python nosetests: /usr/bin/nosetests-2.7
[36m--[0m catkin 0.7.29
[36m--[0m BUILD_SHARED_LIBS is on
[36m--[0m Using these message generators: gencpp;geneus;genlisp;gennodejs;genpy
[31m[1mCMake Error[0m at /home/uk-ras-mrc/Rosie2.0/build/robotiq_2f_gripper_control/cmake/robotiq_2f_gripper_control-genmsg.cmake:3 (message):
  Could not find messages which
  '/home/uk-ras-mrc/Rosie2.0/src/robotiq/robotiq_2f_gripper_control/srv/UnityGripper.srv'
  depends on.  Did you forget to specify generate_messages(DEPENDENCIES ...)?

  Cannot locate message [Bool] in package [robotiq_2f_gripper_control] with
  paths
  [['/home/uk-ras-mrc/Rosie2.0/src/robotiq/robotiq_2f_gripper_control/msg']]
[36mCall Stack (most recent call first):[0m
  /opt/ros/melodic/share/genmsg/cmake/genmsg-extras.cmake:307 (include)
  CMakeLists.txt:28 (generate_messages)


[36m--[0m Configuring incomplete, errors occurred!
See also "/home/uk-ras-mrc/Rosie2.0/build/robotiq_2f_gripper_control/CMakeFiles/CMakeOutput.log".
See also "/home/uk-ras-mrc/Rosie2.0/build/robotiq_2f_gripper_control/CMakeFiles/CMakeError.log".
Makefile:786: recipe for target 'cmake_check_build_system' failed
make: *** [cmake_check_build_system] Error 1
