[  0%] Built target _robotiq_2f_gripper_control_generate_messages_check_deps_UnityGripper
[  0%] Built target std_msgs_generate_messages_eus
[  0%] Built target _robotiq_2f_gripper_control_generate_messages_check_deps_Robotiq2FGripper_robot_input
[  0%] Built target _robotiq_2f_gripper_control_generate_messages_check_deps_Robotiq2FGripper_robot_output
[  0%] Built target std_msgs_generate_messages_py
[  0%] Built target std_msgs_generate_messages_lisp
[  0%] Built target std_msgs_generate_messages_cpp
[  0%] Built target std_msgs_generate_messages_nodejs
[  4%] [34m[1mGenerating EusLisp code from robotiq_2f_gripper_control/UnityGripper.srv[0m
[ 19%] Built target robotiq_2f_gripper_control_generate_messages_eus
[ 23%] [34m[1mGenerating Python code from SRV robotiq_2f_gripper_control/UnityGripper[0m
[ 28%] [34m[1mGenerating Python msg __init__.py for robotiq_2f_gripper_control[0m
[ 33%] [34m[1mGenerating Python srv __init__.py for robotiq_2f_gripper_control[0m
[ 42%] Built target robotiq_2f_gripper_control_generate_messages_py
[ 47%] [34m[1mGenerating Lisp code from robotiq_2f_gripper_control/UnityGripper.srv[0m
[ 57%] Built target robotiq_2f_gripper_control_generate_messages_lisp
[ 61%] [34m[1mGenerating C++ code from robotiq_2f_gripper_control/UnityGripper.srv[0m
[ 71%] Built target robotiq_2f_gripper_control_generate_messages_cpp
[ 76%] [34m[1mGenerating Javascript code from robotiq_2f_gripper_control/UnityGripper.srv[0m
[ 85%] Built target robotiq_2f_gripper_control_generate_messages_nodejs
[100%] Built target robotiq_2f_gripper_ethercat_node
[100%] Built target robotiq_2f_gripper_control_generate_messages
