Determining if the pthread_create exist failed with the following output:
Change Dir: /home/rosie2/Rosie2.0/build/robotiq_2f_85_gripper_visualization/CMakeFiles/CMakeTmp

Run Build Command:"/usr/bin/make" "cmTC_e554e/fast"
/usr/bin/make -f CMakeFiles/cmTC_e554e.dir/build.make CMakeFiles/cmTC_e554e.dir/build
make[1]: Entering directory '/home/rosie2/Rosie2.0/build/robotiq_2f_85_gripper_visualization/CMakeFiles/CMakeTmp'
Building C object CMakeFiles/cmTC_e554e.dir/CheckSymbolExists.c.o
/usr/bin/cc    -o CMakeFiles/cmTC_e554e.dir/CheckSymbolExists.c.o   -c /home/rosie2/Rosie2.0/build/robotiq_2f_85_gripper_visualization/CMakeFiles/CMakeTmp/CheckSymbolExists.c
Linking C executable cmTC_e554e
/usr/bin/cmake -E cmake_link_script CMakeFiles/cmTC_e554e.dir/link.txt --verbose=1
/usr/bin/cc      -rdynamic CMakeFiles/cmTC_e554e.dir/CheckSymbolExists.c.o  -o cmTC_e554e 
CMakeFiles/cmTC_e554e.dir/CheckSymbolExists.c.o: In function `main':
CheckSymbolExists.c:(.text+0x1b): undefined reference to `pthread_create'
collect2: error: ld returned 1 exit status
CMakeFiles/cmTC_e554e.dir/build.make:97: recipe for target 'cmTC_e554e' failed
make[1]: *** [cmTC_e554e] Error 1
make[1]: Leaving directory '/home/rosie2/Rosie2.0/build/robotiq_2f_85_gripper_visualization/CMakeFiles/CMakeTmp'
Makefile:126: recipe for target 'cmTC_e554e/fast' failed
make: *** [cmTC_e554e/fast] Error 2

File /home/rosie2/Rosie2.0/build/robotiq_2f_85_gripper_visualization/CMakeFiles/CMakeTmp/CheckSymbolExists.c:
/* */
#include <pthread.h>

int main(int argc, char** argv)
{
  (void)argv;
#ifndef pthread_create
  return ((int*)(&pthread_create))[argc];
#else
  (void)argc;
  return 0;
#endif
}

Determining if the function pthread_create exists in the pthreads failed with the following output:
Change Dir: /home/rosie2/Rosie2.0/build/robotiq_2f_85_gripper_visualization/CMakeFiles/CMakeTmp

Run Build Command:"/usr/bin/make" "cmTC_d24a6/fast"
/usr/bin/make -f CMakeFiles/cmTC_d24a6.dir/build.make CMakeFiles/cmTC_d24a6.dir/build
make[1]: Entering directory '/home/rosie2/Rosie2.0/build/robotiq_2f_85_gripper_visualization/CMakeFiles/CMakeTmp'
Building C object CMakeFiles/cmTC_d24a6.dir/CheckFunctionExists.c.o
/usr/bin/cc   -DCHECK_FUNCTION_EXISTS=pthread_create   -o CMakeFiles/cmTC_d24a6.dir/CheckFunctionExists.c.o   -c /usr/share/cmake-3.10/Modules/CheckFunctionExists.c
Linking C executable cmTC_d24a6
/usr/bin/cmake -E cmake_link_script CMakeFiles/cmTC_d24a6.dir/link.txt --verbose=1
/usr/bin/cc  -DCHECK_FUNCTION_EXISTS=pthread_create    -rdynamic CMakeFiles/cmTC_d24a6.dir/CheckFunctionExists.c.o  -o cmTC_d24a6 -lpthreads 
/usr/bin/ld: cannot find -lpthreads
collect2: error: ld returned 1 exit status
CMakeFiles/cmTC_d24a6.dir/build.make:97: recipe for target 'cmTC_d24a6' failed
make[1]: *** [cmTC_d24a6] Error 1
make[1]: Leaving directory '/home/rosie2/Rosie2.0/build/robotiq_2f_85_gripper_visualization/CMakeFiles/CMakeTmp'
Makefile:126: recipe for target 'cmTC_d24a6/fast' failed
make: *** [cmTC_d24a6/fast] Error 2


